<?xml version="1.0" encoding="UTF-8" ?>
<testsuite tests="1" failures="0" name="com.ust.JenkinsFirstCICD.AppTest" time="0.003" errors="0" skipped="0">
  <properties>
    <property name="jansi.mode" value="force"/>
    <property name="java.runtime.name" value="OpenJDK Runtime Environment"/>
    <property name="sun.boot.library.path" value="C:\Program Files\OpenJDK\jdk-8.0.332.09-hotspot\jre\bin"/>
    <property name="java.vm.version" value="25.71-b09"/>
    <property name="java.vm.vendor" value="Oracle Corporation"/>
    <property name="maven.multiModuleProjectDirectory" value="C:\STS\UST-WAVE-86-JavaFSE\Day47\JenkinsFirstCICD"/>
    <property name="java.vendor.url" value="http://java.oracle.com/"/>
    <property name="path.separator" value=";"/>
    <property name="guice.disable.misplaced.annotation.check" value="true"/>
    <property name="java.vm.name" value="OpenJDK 64-Bit Server VM"/>
    <property name="file.encoding.pkg" value="sun.io"/>
    <property name="user.script" value=""/>
    <property name="user.country" value="IN"/>
    <property name="sun.java.launcher" value="SUN_STANDARD"/>
    <property name="sun.os.patch.level" value=""/>
    <property name="java.vm.specification.name" value="Java Virtual Machine Specification"/>
    <property name="user.dir" value="C:\STS\UST-WAVE-86-JavaFSE\Day47\JenkinsFirstCICD"/>
    <property name="java.runtime.version" value="1.8.0-332-b09"/>
    <property name="java.awt.graphicsenv" value="sun.awt.Win32GraphicsEnvironment"/>
    <property name="java.endorsed.dirs" value="C:\Program Files\OpenJDK\jdk-8.0.332.09-hotspot\jre\lib\endorsed"/>
    <property name="os.arch" value="amd64"/>
    <property name="java.io.tmpdir" value="C:\Users\RAKESH~1.SRI\AppData\Local\Temp\"/>
    <property name="line.separator" value="
"/>
    <property name="java.vm.specification.vendor" value="Oracle Corporation"/>
    <property name="user.variant" value=""/>
    <property name="os.name" value="Windows 10"/>
    <property name="classworlds.conf" value="C:\STS\UST-WAVE-86-JavaFSE\Day47\.metadata\.plugins\org.eclipse.m2e.launching\launches\m2conf1367501521691786491.tmp"/>
    <property name="jansi.force" value="true"/>
    <property name="sun.jnu.encoding" value="Cp1252"/>
    <property name="java.library.path" value="C:\Program Files\OpenJDK\jdk-8.0.332.09-hotspot\bin;C:\Windows\Sun\Java\bin;C:\Windows\system32;C:\Windows;C:/Software/sts-4.15.1.RELEASE//plugins/org.eclipse.justj.openjdk.hotspot.jre.full.win32.x86_64_17.0.3.v20220515-1416/jre/bin/server;C:/Software/sts-4.15.1.RELEASE//plugins/org.eclipse.justj.openjdk.hotspot.jre.full.win32.x86_64_17.0.3.v20220515-1416/jre/bin;C:\Program Files\OpenJDK\jdk-8.0.332.09-hotspot\bin;C:\Python310\Scripts\;C:\Python310\;C:\Windows\system32;C:\Windows;C:\Windows\System32\Wbem;C:\Windows\System32\WindowsPowerShell\v1.0\;C:\Windows\System32\OpenSSH\;C:\Program Files\Microsoft VS Code\bin;C:\Program Files (x86)\Bitvise SSH Client;C:\Program Files\nodejs\;C:\ProgramData\chocolatey\bin;C:\apache-maven-3.8.6\bin;C:\Program Files\jdk-17\;C:\Program Files\Docker\Docker\resources\bin;C:\kube;C:\Program Files\OpenJDK\jdk-8.0.332.09-hotspot\bin;C:\Users\Rakesh.Srivastaw\AppData\Local\Microsoft\WindowsApps;C:\Users\Rakesh.Srivastaw\AppData\Local\Programs\Git\cmd;C:\Program Files\MongoDB\Server\5.0\bin;c:\apache-maven-3.8.6\bin;C:\Program Files\OpenJDK\jdk-8.0.332.09-hotspot\;;C:\Software\sts-4.15.1.RELEASE;;."/>
    <property name="jansi.passthrough" value="true"/>
    <property name="java.specification.name" value="Java Platform API Specification"/>
    <property name="java.class.version" value="52.0"/>
    <property name="sun.management.compiler" value="HotSpot 64-Bit Tiered Compilers"/>
    <property name="os.version" value="10.0"/>
    <property name="user.home" value="C:\Users\Rakesh.Srivastaw"/>
    <property name="user.timezone" value="Asia/Calcutta"/>
    <property name="java.awt.printerjob" value="sun.awt.windows.WPrinterJob"/>
    <property name="java.specification.version" value="1.8"/>
    <property name="file.encoding" value="UTF-8"/>
    <property name="user.name" value="Rakesh.Srivastaw"/>
    <property name="java.class.path" value="C:\Software\sts-4.15.1.RELEASE\plugins\org.eclipse.m2e.maven.runtime_1.18.3.20220227-1319\jars\plexus-classworlds-2.6.0.jar"/>
    <property name="java.vm.specification.version" value="1.8"/>
    <property name="sun.arch.data.model" value="64"/>
    <property name="java.home" value="C:\Program Files\OpenJDK\jdk-8.0.332.09-hotspot\jre"/>
    <property name="sun.java.command" value="org.codehaus.plexus.classworlds.launcher.Launcher -B clean install -Dstyle.color=always -Dstyle.color=always"/>
    <property name="java.specification.vendor" value="Oracle Corporation"/>
    <property name="user.language" value="en"/>
    <property name="awt.toolkit" value="sun.awt.windows.WToolkit"/>
    <property name="java.vm.info" value="mixed mode"/>
    <property name="java.version" value="1.8.0-332"/>
    <property name="java.ext.dirs" value="C:\Program Files\OpenJDK\jdk-8.0.332.09-hotspot\jre\lib\ext;C:\Windows\Sun\Java\lib\ext"/>
    <property name="sun.boot.class.path" value="C:\Program Files\OpenJDK\jdk-8.0.332.09-hotspot\jre\lib\resources.jar;C:\Program Files\OpenJDK\jdk-8.0.332.09-hotspot\jre\lib\rt.jar;C:\Program Files\OpenJDK\jdk-8.0.332.09-hotspot\jre\lib\sunrsasign.jar;C:\Program Files\OpenJDK\jdk-8.0.332.09-hotspot\jre\lib\jsse.jar;C:\Program Files\OpenJDK\jdk-8.0.332.09-hotspot\jre\lib\jce.jar;C:\Program Files\OpenJDK\jdk-8.0.332.09-hotspot\jre\lib\charsets.jar;C:\Program Files\OpenJDK\jdk-8.0.332.09-hotspot\jre\lib\jfr.jar;C:\Program Files\OpenJDK\jdk-8.0.332.09-hotspot\jre\classes"/>
    <property name="java.vendor" value="OpenLogic-OpenJDK"/>
    <property name="maven.home" value="C:\STS\UST-WAVE-86-JavaFSE\Day47\JenkinsFirstCICD\EMBEDDED"/>
    <property name="style.color" value="always"/>
    <property name="file.separator" value="\"/>
    <property name="java.vendor.url.bug" value="http://bugreport.sun.com/bugreport/"/>
    <property name="sun.cpu.endian" value="little"/>
    <property name="sun.io.unicode.encoding" value="UnicodeLittle"/>
    <property name="sun.desktop" value="windows"/>
    <property name="sun.cpu.isalist" value="amd64"/>
  </properties>
  <testcase classname="com.ust.JenkinsFirstCICD.AppTest" name="testApp" time="0.003"/>
</testsuite>